Traceback (most recent call last):
  File "test_rep1.py", line 25, in <module>
    from utils.utils1 import *
  File "/home/pakpoom_kh/spppt-2/utils/utils1.py", line 8, in <module>
    from skimage.metrics import structural_similarity as ssim_fc
ModuleNotFoundError: No module named 'skimage'
Traceback (most recent call last):
  File "test_rep2.py", line 25, in <module>
    from utils.utils1 import *
  File "/home/pakpoom_kh/spppt-2/utils/utils1.py", line 8, in <module>
    from skimage.metrics import structural_similarity as ssim_fc
ModuleNotFoundError: No module named 'skimage'
Traceback (most recent call last):
  File "test_rep1.py", line 25, in <module>
    from utils.utils1 import *
  File "/home/pakpoom_kh/spppt-2/utils/utils1.py", line 8, in <module>
    from skimage.metrics import structural_similarity as ssim_fc
ModuleNotFoundError: No module named 'skimage'
Traceback (most recent call last):
  File "test_rep2.py", line 25, in <module>
    from utils.utils1 import *
  File "/home/pakpoom_kh/spppt-2/utils/utils1.py", line 8, in <module>
    from skimage.metrics import structural_similarity as ssim_fc
ModuleNotFoundError: No module named 'skimage'
Traceback (most recent call last):
  File "test_rep1.py", line 25, in <module>
    from utils.utils1 import *
  File "/home/pakpoom_kh/spppt-2/utils/utils1.py", line 8, in <module>
    from skimage.metrics import structural_similarity as ssim_fc
ModuleNotFoundError: No module named 'skimage'
slurmstepd-compute1: error: *** JOB 13282 ON compute1 CANCELLED AT 2024-02-19T12:44:01 ***
